[35merror[39m: 
    Alguno de los campos requeridos no superó la validacion:
    title: Tipo String / Se recibió: Producto Prueba Julio
    description: Tipo String / Se recibió: Descripción de producto Julio
    code: Tipo String / Se recibió: JUL0001
    price: Tipo Number / Se recibió: undefined
    status: Tipo Boolean / Se recibió: undefined
    stock: Tipo String / Se recibió: 8
    category: Tipo String / Se recibió: Julio
    
[35merror[39m: error test
[31mfatal[39m: fatal test
[35merror[39m: error test at 18/7/2023
[31mfatal[39m: fatal error test at 18/7/2023
[35merror[39m: error test at 18/7/2023, 12:17:08
[31mfatal[39m: fatal error test at 18/7/2023, 12:17:08
[35merror[39m: undefined
[35merror[39m: undefined
[35merror[39m: undefined
[35merror[39m: undefined
[35merror[39m: undefined
[35merror[39m: undefined
[35merror[39m: undefined
[35merror[39m: undefined
[35merror[39m: undefined
[35merror[39m: undefined
[35merror[39m: undefined
[35merror[39m: undefined
[35merror[39m: undefined
[35merror[39m: undefined
[35merror[39m: undefined
[35merror[39m: undefined
[35merror[39m: undefined
[35merror[39m: undefined
[35merror[39m: undefined
[35merror[39m: undefined
[35merror[39m: undefined
[35merror[39m: undefined
[35merror[39m: undefined
[35merror[39m: undefined
[35merror[39m: undefined
[35merror[39m: undefined
[35merror[39m: undefined
[35merror[39m: undefined
[35merror[39m: undefined
[35merror[39m: undefined
[35merror[39m: undefined
[35merror[39m: undefined
[35merror[39m: undefined
[35merror[39m: undefined
[35merror[39m: undefined
[35merror[39m: 
    El id no es válido, se esperaba ObjectId / Se recibió: {pid}
    
[35merror[39m: 
    El id no es válido: 
    Se esperaba en Cart ObjectId / Se recibió: 6485fa85bbc9cfc8533679e4
    Se esperaba en Product ObjectId / Se recibió: 645bda4e18579662c5695a7
    
[35merror[39m: 
    El id no es válido: 
    Se esperaba en Cart ObjectId / Se recibió: 6485fa85bbc9cfc8533679e4
    Se esperaba en Product ObjectId / Se recibió: 645bda4e18579662c5695a7
    
